{"level":"fatal","message":"nivel Fatal"}
{"level":"error","message":"nivel Error"}
{"level":"error","message":"Loggin error - Campos incompletos"}
{"level":"error","message":"Error en loginAuthController - Campos incompletos"}
{"level":"error","message":"Error en loginAuthController - Campos incompletos"}
{"level":"error","message":"Error en loginAuthController - Campos incompletos"}
{"level":"error","message":"Error en loginAuthController - Campos incompletos"}
{"level":"error","message":"Error en loginAuthController - Campos incompletos"}
{"level":"error","message":"Error en loginAuthController - Campos incompletos"}
{"level":"error","message":"Error en loginAuthController - Campos incompletos"}
{"level":"error","message":"Error en loginAuthController - Campos incompletos"}
{"level":"error","message":"Error en addProdController - Datos del producto incompletos"}
{"level":"error","message":"Error en addProdController - Datos del producto incompletos"}
{"level":"error","message":"Error en addProdController - Datos del producto incompletos"}
{"level":"error","message":"Error en addProdController - Producto existente"}
{"level":"error","message":"Error en addProdController - Producto existente"}
{"level":"error","message":"Error en addProdController - Producto existente"}
{"level":"error","message":"Error en addProdController - Datos del producto incompletos"}
{"level":"error","message":"Error en addProdCartController - Producto existente"}
{"level":"error","message":"Error en addProdCartController - Producto existente"}
{"level":"error","message":"Error en addProdCartController - "}
{"level":"error","message":"Error en addProdCartController - "}
